<?xml version="1.0" encoding="UTF-8"?>
<testsuite xmlns:xsi="http://www.w3.org/2001/XMLSchema-instance" xsi:noNamespaceSchemaLocation="https://maven.apache.org/surefire/maven-surefire-plugin/xsd/surefire-test-report-3.0.xsd" version="3.0" name="com.ppx.AppTest" time="0.011" tests="1" errors="0" skipped="0" failures="0">
  <properties>
    <property name="socksProxyHost" value="127.0.0.1"/>
    <property name="http.proxyHost" value="127.0.0.1"/>
    <property name="java.specification.version" value="21"/>
    <property name="sun.jnu.encoding" value="UTF-8"/>
    <property name="java.class.path" value="/Users/ppx/Desktop/projects/RPC/ppx-rpc/ppx-rpc-core/target/test-classes:/Users/ppx/Desktop/projects/RPC/ppx-rpc/ppx-rpc-core/target/classes:/Users/ppx/.m2/repository/junit/junit/3.8.1/junit-3.8.1.jar:/Users/ppx/.m2/repository/ch/qos/logback/logback-classic/1.3.12/logback-classic-1.3.12.jar:/Users/ppx/.m2/repository/ch/qos/logback/logback-core/1.3.12/logback-core-1.3.12.jar:/Users/ppx/.m2/repository/org/slf4j/slf4j-api/2.0.7/slf4j-api-2.0.7.jar:/Users/ppx/.m2/repository/io/vertx/vertx-core/4.5.1/vertx-core-4.5.1.jar:/Users/ppx/.m2/repository/io/netty/netty-common/4.1.103.Final/netty-common-4.1.103.Final.jar:/Users/ppx/.m2/repository/io/netty/netty-buffer/4.1.103.Final/netty-buffer-4.1.103.Final.jar:/Users/ppx/.m2/repository/io/netty/netty-transport/4.1.103.Final/netty-transport-4.1.103.Final.jar:/Users/ppx/.m2/repository/io/netty/netty-handler/4.1.103.Final/netty-handler-4.1.103.Final.jar:/Users/ppx/.m2/repository/io/netty/netty-transport-native-unix-common/4.1.103.Final/netty-transport-native-unix-common-4.1.103.Final.jar:/Users/ppx/.m2/repository/io/netty/netty-codec/4.1.103.Final/netty-codec-4.1.103.Final.jar:/Users/ppx/.m2/repository/io/netty/netty-handler-proxy/4.1.103.Final/netty-handler-proxy-4.1.103.Final.jar:/Users/ppx/.m2/repository/io/netty/netty-codec-socks/4.1.103.Final/netty-codec-socks-4.1.103.Final.jar:/Users/ppx/.m2/repository/io/netty/netty-codec-http/4.1.103.Final/netty-codec-http-4.1.103.Final.jar:/Users/ppx/.m2/repository/io/netty/netty-codec-http2/4.1.103.Final/netty-codec-http2-4.1.103.Final.jar:/Users/ppx/.m2/repository/io/netty/netty-resolver/4.1.103.Final/netty-resolver-4.1.103.Final.jar:/Users/ppx/.m2/repository/io/netty/netty-resolver-dns/4.1.103.Final/netty-resolver-dns-4.1.103.Final.jar:/Users/ppx/.m2/repository/io/netty/netty-codec-dns/4.1.103.Final/netty-codec-dns-4.1.103.Final.jar:/Users/ppx/.m2/repository/com/fasterxml/jackson/core/jackson-core/2.15.3/jackson-core-2.15.3.jar:/Users/ppx/.m2/repository/io/netty/netty-resolver-dns-native-macos/4.1.76.Final/netty-resolver-dns-native-macos-4.1.76.Final-osx-aarch_64.jar:/Users/ppx/.m2/repository/io/netty/netty-resolver-dns-classes-macos/4.1.76.Final/netty-resolver-dns-classes-macos-4.1.76.Final.jar:/Users/ppx/.m2/repository/cn/hutool/hutool-all/5.8.16/hutool-all-5.8.16.jar:/Users/ppx/.m2/repository/org/projectlombok/lombok/1.18.30/lombok-1.18.30.jar:"/>
    <property name="https.proxyPort" value="7890"/>
    <property name="java.vm.vendor" value="Oracle Corporation"/>
    <property name="sun.arch.data.model" value="64"/>
    <property name="java.vendor.url" value="https://java.oracle.com/"/>
    <property name="os.name" value="Mac OS X"/>
    <property name="java.vm.specification.version" value="21"/>
    <property name="sun.java.launcher" value="SUN_STANDARD"/>
    <property name="user.country" value="CN"/>
    <property name="sun.boot.library.path" value="/Library/Java/JavaVirtualMachines/jdk-21.jdk/Contents/Home/lib"/>
    <property name="sun.java.command" value="/Users/ppx/Desktop/projects/RPC/ppx-rpc/ppx-rpc-core/target/surefire/surefirebooter-20241101135330424_3.jar /Users/ppx/Desktop/projects/RPC/ppx-rpc/ppx-rpc-core/target/surefire 2024-11-01T13-53-30_385-jvmRun1 surefire-20241101135330424_1tmp surefire_0-20241101135330424_2tmp"/>
    <property name="http.nonProxyHosts" value="192.168.0.0/16|*.192.168.0.0/16|10.0.0.0/8|*.10.0.0.0/8|172.16.0.0/12|*.172.16.0.0/12|127.0.0.1|localhost|*.localhost|local|*.local|timestamp.apple.com|*.timestamp.apple.com|sequoia.apple.com|*.sequoia.apple.com|seed-sequoia.siri.apple.com|*.seed-sequoia.siri.apple.com"/>
    <property name="jdk.debug" value="release"/>
    <property name="surefire.test.class.path" value="/Users/ppx/Desktop/projects/RPC/ppx-rpc/ppx-rpc-core/target/test-classes:/Users/ppx/Desktop/projects/RPC/ppx-rpc/ppx-rpc-core/target/classes:/Users/ppx/.m2/repository/junit/junit/3.8.1/junit-3.8.1.jar:/Users/ppx/.m2/repository/ch/qos/logback/logback-classic/1.3.12/logback-classic-1.3.12.jar:/Users/ppx/.m2/repository/ch/qos/logback/logback-core/1.3.12/logback-core-1.3.12.jar:/Users/ppx/.m2/repository/org/slf4j/slf4j-api/2.0.7/slf4j-api-2.0.7.jar:/Users/ppx/.m2/repository/io/vertx/vertx-core/4.5.1/vertx-core-4.5.1.jar:/Users/ppx/.m2/repository/io/netty/netty-common/4.1.103.Final/netty-common-4.1.103.Final.jar:/Users/ppx/.m2/repository/io/netty/netty-buffer/4.1.103.Final/netty-buffer-4.1.103.Final.jar:/Users/ppx/.m2/repository/io/netty/netty-transport/4.1.103.Final/netty-transport-4.1.103.Final.jar:/Users/ppx/.m2/repository/io/netty/netty-handler/4.1.103.Final/netty-handler-4.1.103.Final.jar:/Users/ppx/.m2/repository/io/netty/netty-transport-native-unix-common/4.1.103.Final/netty-transport-native-unix-common-4.1.103.Final.jar:/Users/ppx/.m2/repository/io/netty/netty-codec/4.1.103.Final/netty-codec-4.1.103.Final.jar:/Users/ppx/.m2/repository/io/netty/netty-handler-proxy/4.1.103.Final/netty-handler-proxy-4.1.103.Final.jar:/Users/ppx/.m2/repository/io/netty/netty-codec-socks/4.1.103.Final/netty-codec-socks-4.1.103.Final.jar:/Users/ppx/.m2/repository/io/netty/netty-codec-http/4.1.103.Final/netty-codec-http-4.1.103.Final.jar:/Users/ppx/.m2/repository/io/netty/netty-codec-http2/4.1.103.Final/netty-codec-http2-4.1.103.Final.jar:/Users/ppx/.m2/repository/io/netty/netty-resolver/4.1.103.Final/netty-resolver-4.1.103.Final.jar:/Users/ppx/.m2/repository/io/netty/netty-resolver-dns/4.1.103.Final/netty-resolver-dns-4.1.103.Final.jar:/Users/ppx/.m2/repository/io/netty/netty-codec-dns/4.1.103.Final/netty-codec-dns-4.1.103.Final.jar:/Users/ppx/.m2/repository/com/fasterxml/jackson/core/jackson-core/2.15.3/jackson-core-2.15.3.jar:/Users/ppx/.m2/repository/io/netty/netty-resolver-dns-native-macos/4.1.76.Final/netty-resolver-dns-native-macos-4.1.76.Final-osx-aarch_64.jar:/Users/ppx/.m2/repository/io/netty/netty-resolver-dns-classes-macos/4.1.76.Final/netty-resolver-dns-classes-macos-4.1.76.Final.jar:/Users/ppx/.m2/repository/cn/hutool/hutool-all/5.8.16/hutool-all-5.8.16.jar:/Users/ppx/.m2/repository/org/projectlombok/lombok/1.18.30/lombok-1.18.30.jar:"/>
    <property name="sun.cpu.endian" value="little"/>
    <property name="user.home" value="/Users/ppx"/>
    <property name="user.language" value="zh"/>
    <property name="java.specification.vendor" value="Oracle Corporation"/>
    <property name="java.version.date" value="2023-09-19"/>
    <property name="java.home" value="/Library/Java/JavaVirtualMachines/jdk-21.jdk/Contents/Home"/>
    <property name="file.separator" value="/"/>
    <property name="https.proxyHost" value="127.0.0.1"/>
    <property name="basedir" value="/Users/ppx/Desktop/projects/RPC/ppx-rpc/ppx-rpc-core"/>
    <property name="java.vm.compressedOopsMode" value="Zero based"/>
    <property name="line.separator" value="&#10;"/>
    <property name="java.vm.specification.vendor" value="Oracle Corporation"/>
    <property name="java.specification.name" value="Java Platform API Specification"/>
    <property name="apple.awt.application.name" value="ForkedBooter"/>
    <property name="surefire.real.class.path" value="/Users/ppx/Desktop/projects/RPC/ppx-rpc/ppx-rpc-core/target/surefire/surefirebooter-20241101135330424_3.jar"/>
    <property name="user.script" value="Hans"/>
    <property name="sun.management.compiler" value="HotSpot 64-Bit Tiered Compilers"/>
    <property name="ftp.nonProxyHosts" value="192.168.0.0/16|*.192.168.0.0/16|10.0.0.0/8|*.10.0.0.0/8|172.16.0.0/12|*.172.16.0.0/12|127.0.0.1|localhost|*.localhost|local|*.local|timestamp.apple.com|*.timestamp.apple.com|sequoia.apple.com|*.sequoia.apple.com|seed-sequoia.siri.apple.com|*.seed-sequoia.siri.apple.com"/>
    <property name="java.runtime.version" value="21+35-LTS-2513"/>
    <property name="user.name" value="ppx"/>
    <property name="stdout.encoding" value="UTF-8"/>
    <property name="path.separator" value=":"/>
    <property name="os.version" value="15.1"/>
    <property name="java.runtime.name" value="Java(TM) SE Runtime Environment"/>
    <property name="file.encoding" value="UTF-8"/>
    <property name="java.vm.name" value="Java HotSpot(TM) 64-Bit Server VM"/>
    <property name="localRepository" value="/Users/ppx/.m2/repository"/>
    <property name="java.vendor.url.bug" value="https://bugreport.java.com/bugreport/"/>
    <property name="java.io.tmpdir" value="/var/folders/m6/m6q5n6hn6k722v66lv67mxzm0000gn/T/"/>
    <property name="idea.version" value="2024.2.4"/>
    <property name="java.version" value="21"/>
    <property name="user.dir" value="/Users/ppx/Desktop/projects/RPC/ppx-rpc/ppx-rpc-core"/>
    <property name="os.arch" value="aarch64"/>
    <property name="socksProxyPort" value="7890"/>
    <property name="java.vm.specification.name" value="Java Virtual Machine Specification"/>
    <property name="native.encoding" value="UTF-8"/>
    <property name="java.library.path" value="/Users/ppx/Library/Java/Extensions:/Library/Java/Extensions:/Network/Library/Java/Extensions:/System/Library/Java/Extensions:/usr/lib/java:."/>
    <property name="java.vm.info" value="mixed mode, sharing"/>
    <property name="stderr.encoding" value="UTF-8"/>
    <property name="java.vendor" value="Oracle Corporation"/>
    <property name="java.vm.version" value="21+35-LTS-2513"/>
    <property name="sun.io.unicode.encoding" value="UnicodeBig"/>
    <property name="socksNonProxyHosts" value="192.168.0.0/16|*.192.168.0.0/16|10.0.0.0/8|*.10.0.0.0/8|172.16.0.0/12|*.172.16.0.0/12|127.0.0.1|localhost|*.localhost|local|*.local|timestamp.apple.com|*.timestamp.apple.com|sequoia.apple.com|*.sequoia.apple.com|seed-sequoia.siri.apple.com|*.seed-sequoia.siri.apple.com"/>
    <property name="java.class.version" value="65.0"/>
    <property name="http.proxyPort" value="7890"/>
  </properties>
  <testcase name="testApp" classname="com.ppx.AppTest" time="0.001"/>
</testsuite>